{
  "scriptId": "dca7f275-a385-422a-ac6d-c76b57c06128",
  "timestamp": "2025-10-31T18:39:55.331Z",
  "scriptType": "scanner",
  "status": "failed",
  "language": "typescript",
  "compilationErrors": [
    "agent-backtest-dca7f275-a385-422a-ac6d-c76b57c06128.ts(134,34): error TS2322: Type 'null' is not assignable to type 'string'.",
    "agent-backtest-dca7f275-a385-422a-ac6d-c76b57c06128.ts(256,35): error TS2339: Property 'volume_spike' does not exist on type '{ vwap: number; price: number; distance_from_vwap_percent: number; volume_spike_multiplier: number; rejection_confirmation_bars: number; session_trend: string; mean_reversion_quality: number; }'.",
    "agent-backtest-dca7f275-a385-422a-ac6d-c76b57c06128.ts(257,40): error TS2339: Property 'bearish_rejection' does not exist on type '{ vwap: number; price: number; distance_from_vwap_percent: number; volume_spike_multiplier: number; rejection_confirmation_bars: number; session_trend: string; mean_reversion_quality: number; }'.",
    "agent-backtest-dca7f275-a385-422a-ac6d-c76b57c06128.ts(258,40): error TS2339: Property 'bullish_rejection' does not exist on type '{ vwap: number; price: number; distance_from_vwap_percent: number; volume_spike_multiplier: number; rejection_confirmation_bars: number; session_trend: string; mean_reversion_quality: number; }'.",
    "agent-backtest-dca7f275-a385-422a-ac6d-c76b57c06128.ts(345,48): error TS1002: Unterminated string literal."
  ],
  "runtimeErrors": "Command failed: npx ts-node \"/Users/edwardkim/Code/ai-backtest/backend/agent-backtest-dca7f275-a385-422a-ac6d-c76b57c06128.ts\"\n/Users/edwardkim/Code/ai-backtest/backend/node_modules/ts-node/src/index.ts:859\n    return new TSError(diagnosticText, diagnosticCodes, diagnostics);\n           ^\nTSError: тип Unable to compile TypeScript:\nagent-backtest-dca7f275-a385-422a-ac6d-c76b57c06128.ts(134,34): error TS2322: Type 'null' is not assignable to type 'string'.\nagent-backtest-dca7f275-a385-422a-ac6d-c76b57c06128.ts(256,35): error TS2339: Property 'volume_spike' does not exist on type '{ vwap: number; price: number; distance_from_vwap_percent: number; volume_spike_multiplier: number; rejection_confirmation_bars: number; session_trend: string; mean_reversion_quality: number; }'.\nagent-backtest-dca7f275-a385-422a-ac6d-c76b57c06128.ts(257,40): error TS2339: Property 'bearish_rejection' does not exist on type '{ vwap: number; price: number; distance_from_vwap_percent: number; volume_spike_multiplier: number; rejection_confirmation_bars: number; session_trend: string; mean_reversion_quality: number; }'.\nagent-backtest-dca7f275-a385-422a-ac6d-c76b57c06128.ts(258,40): error TS2339: Property 'bullish_rejection' does not exist on type '{ vwap: number; price: number; distance_from_vwap_percent: number; volume_spike_multiplier: number; rejection_confirmation_bars: number; session_trend: string; mean_reversion_quality: number; }'.\nagent-backtest-dca7f275-a385-422a-ac6d-c76b57c06128.ts(345,48): error TS1002: Unterminated string literal.\n\n    at createTSError (/Users/edwardkim/Code/ai-backtest/backend/node_modules/ts-node/src/index.ts:859:12)\n    at reportTSError (/Users/edwardkim/Code/ai-backtest/backend/node_modules/ts-node/src/index.ts:863:19)\n    at getOutput (/Users/edwardkim/Code/ai-backtest/backend/node_modules/ts-node/src/index.ts:1077:36)\n    at Object.compile (/Users/edwardkim/Code/ai-backtest/backend/node_modules/ts-node/src/index.ts:1433:41)\n    at Module.m._compile (/Users/edwardkim/Code/ai-backtest/backend/node_modules/ts-node/src/index.ts:1617:30)\n    at node:internal/modules/cjs/loader:1824:10\n    at Object.require.extensions.<computed> [as .ts] (/Users/edwardkim/Code/ai-backtest/backend/node_modules/ts-node/src/index.ts:1621:12)\n    at Module.load (node:internal/modules/cjs/loader:1427:32)\n    at Module._load (node:internal/modules/cjs/loader:1250:12)\n    at TracingChannel.traceSync (node:diagnostics_channel:322:14) {\n  diagnosticCodes: [ 2322, 2339, 2339, 2339, 1002 ]\n}\n",
  "executionTime": 1919,
  "stdout": "",
  "stderr": "/Users/edwardkim/Code/ai-backtest/backend/node_modules/ts-node/src/index.ts:859\n    return new TSError(diagnosticText, diagnosticCodes, diagnostics);\n           ^\nTSError: тип Unable to compile TypeScript:\nagent-backtest-dca7f275-a385-422a-ac6d-c76b57c06128.ts(134,34): error TS2322: Type 'null' is not assignable to type 'string'.\nagent-backtest-dca7f275-a385-422a-ac6d-c76b57c06128.ts(256,35): error TS2339: Property 'volume_spike' does not exist on type '{ vwap: number; price: number; distance_from_vwap_percent: number; volume_spike_multiplier: number; rejection_confirmation_bars: number; session_trend: string; mean_reversion_quality: number; }'.\nagent-backtest-dca7f275-a385-422a-ac6d-c76b57c06128.ts(257,40): error TS2339: Property 'bearish_rejection' does not exist on type '{ vwap: number; price: number; distance_from_vwap_percent: number; volume_spike_multiplier: number; rejection_confirmation_bars: number; session_trend: string; mean_reversion_quality: number; }'.\nagent-backtest-dca7f2"
}